Arguments: 
  C:\Program Files\nodejs\node.exe C:\Users\LEGION\AppData\Roaming\npm\node_modules\yarn\bin\yarn.js add @react-native-firebase/messaging

PATH: 
  C:\Program Files\Java\jdk-20\bin;C:\Program Files\Common Files\Oracle\Java\javapath;C:\app\client\LEGION\product\18.0.0\client_1\bin;C:\ProgramData\Oracle\Java\javapath;C:\Windows\System32;C:\Program Files (x86)\Android\android-sdk\platform-tools;C:\xampp\php;C:\Program Files\dotnet\;C:\kotlinc\bin;C:\ProgramData\ComposerSetup\bin;C:\Program Files\Git\cmd;C:\Program Files\PuTTY\;C:\ffmpeg\bin;C:\Program Files\Dart\dart-sdk\bin;C:\Program Files\Docker\Docker\resources\bin;C:\WINDOWS\system32;C:\WINDOWS;C:\WINDOWS\System32\Wbem;C:\WINDOWS\System32\WindowsPowerShell\v1.0\;C:\WINDOWS\System32\OpenSSH\;C:\xampp\htdocs;C:\xampp\symfony;C:\Program Files (x86)\NVIDIA Corporation\PhysX\Common;C:\Gradle\bin;C:\Program Files\NVIDIA Corporation\NVIDIA app\NvDLISR;C:\Program Files\nodejs\;C:\Program Files\Java\jdk-20\bin;C:\Users\LEGION\AppData\Local\Android\Sdk\platform-tools;C:\Users\LEGION\AppData\Local\Android\Sdk\tools;C:\Ruby33-x64\bin;C:\Users\LEGION\AppData\Local\Microsoft\WindowsApps;C:\ffmpeg\bin;C:\Users\LEGION\AppData\Local\Programs\Python\Python311\Scripts\;C:\Users\LEGION\AppData\Local\Programs\Python\Python311\;C:\Users\LEGION\AppData\Local\Programs\Microsoft VS Code\bin;C:\Users\LEGION\AppData\Roaming\Composer\vendor\bin;C:\Program Files\Dart\dart-sdk\bin;C:\Users\LEGION\.dotnet\tools;C:\Users\LEGION\AppData\Local\Microsoft\WindowsApps;C:\Users\LEGION\AppData\Roaming\npm;C:\Users\LEGION\AppData\Local\Programs\cursor\resources\app\bin

Yarn version: 
  1.22.19

Node version: 
  22.18.0

Platform: 
  win32 x64

Trace: 
  Error: EPERM: operation not permitted, unlink 'C:\xampp\htdocs\Free Lance\My Investments\KnowNow Mobile\Ts\KnowNow\node_modules\@unrs\resolver-binding-win32-x64-msvc\resolver.win32-x64-msvc.node'

npm manifest: 
  {
    "name": "KnowNow",
    "version": "1.0.0",
    "scripts": {
      "android": "expo start --android",
      "ios": "expo start --ios",
      "start": "expo start",
      "prebuild": "expo prebuild",
      "lint": "eslint \"**/*.{js,jsx,ts,tsx}\" && prettier -c \"**/*.{js,jsx,ts,tsx,json}\"",
      "format": "eslint \"**/*.{js,jsx,ts,tsx}\" --fix && prettier \"**/*.{js,jsx,ts,tsx,json}\" --write",
      "web": "expo start --web"
    },
    "dependencies": {
      "@react-native-async-storage/async-storage": "2.2.0",
      "@react-native-firebase/app": "^23.4.0",
      "@react-native-picker/picker": "2.11.1",
      "@react-navigation/drawer": "^7.5.8",
      "@react-navigation/material-top-tabs": "^7.3.7",
      "@react-navigation/native": "^7.1.17",
      "@react-navigation/native-stack": "^7.3.26",
      "@react-navigation/stack": "^7.4.8",
      "@types/react-native-snap-carousel": "^3.8.12",
      "axios": "^1.12.2",
      "expo": "54.0.12",
      "expo-dev-client": "~6.0.13",
      "expo-device": "~8.0.9",
      "expo-network": "^8.0.7",
      "expo-screen-capture": "~8.0.8",
      "expo-status-bar": "~3.0.8",
      "expo-video": "~3.0.11",
      "nativewind": "4.1.21",
      "react": "19.1.0",
      "react-native": "0.81.4",
      "react-native-blob-util": "^0.22.2",
      "react-native-gesture-handler": "~2.28.0",
      "react-native-pager-view": "^6.7.1",
      "react-native-pdf": "^6.7.7",
      "react-native-picker-select": "^9.3.1",
      "react-native-progress": "^5.0.1",
      "react-native-reanimated": "~4.1.1",
      "react-native-safe-area-context": "~5.6.0",
      "react-native-screens": "~4.16.0",
      "react-native-svg": "15.12.1",
      "react-native-worklets": "0.5.1"
    },
    "devDependencies": {
      "@babel/core": "^7.20.0",
      "@types/react": "~19.1.10",
      "eslint": "^9.25.1",
      "eslint-config-expo": "~10.0.0",
      "eslint-config-prettier": "^10.1.2",
      "prettier": "^3.2.5",
      "prettier-plugin-tailwindcss": "^0.5.11",
      "tailwindcss": "^3.4.0",
      "typescript": "~5.9.2"
    },
    "main": "expo/AppEntry",
    "private": true
  }

yarn manifest: 
  No manifest

Lockfile: 
  No lockfile
